app/seeds.txt
sudokugame.example.sudoku.graphical_user_interface.draw_sudoku_grid_hard: draw_sudoku_grid_hard(android.content.Context)
sudokugame.example.sudoku.settings_sudoku
sudokugame.example.sudoku.graphical_user_interface.submit_pop_window_true_easy
sudokugame.example.sudoku.sudoku_play_medium
sudokugame.example.sudoku.graphical_user_interface.submit_pop_window_true_medium
sudokugame.example.sudoku.graphical_user_interface.draw_sudoku_grid_hard: draw_sudoku_grid_hard(android.content.Context,android.util.AttributeSet)
sudokugame.example.sudoku.teaching_sudoku: teaching_sudoku()
sudokugame.example.sudoku.graphical_user_interface.draw_sudoku_grid_easy: void set_flag_for_share(java.lang.String)
sudokugame.example.sudoku.graphical_user_interface.draw_sudoku_grid_easy
sudokugame.example.sudoku.sudoku_play_medium: sudoku_play_medium()
sudokugame.example.sudoku.graphical_user_interface.submit_pop_window_true_hard
sudokugame.example.sudoku.sudoku_play_hard
sudokugame.example.sudoku.graphical_user_interface.submit_pop_window_true_easy: java.lang.String get_share_data()
sudokugame.example.sudoku.select_level: select_level()
sudokugame.example.sudoku.graphical_user_interface.draw_sudoku_grid_easy: draw_sudoku_grid_easy(android.content.Context,android.util.AttributeSet)
sudokugame.example.sudoku.home_page
sudokugame.example.sudoku.graphical_user_interface.draw_sudoku_grid_medium: void set_flag_for_share(java.lang.String)
sudokugame.example.sudoku.graphical_user_interface.settings_sudoku_lists: settings_sudoku_lists(android.content.Context,android.util.AttributeSet)
sudokugame.example.sudoku.graphical_user_interface.record_view
sudokugame.example.sudoku.graphical_user_interface.draw_sudoku_grid_easy: draw_sudoku_grid_easy(android.content.Context,android.util.AttributeSet,int)
sudokugame.example.sudoku.record_of_sudoku
sudokugame.example.sudoku.graphical_user_interface.settings_sudoku_lists
sudokugame.example.sudoku.graphical_user_interface.draw_sudoku_grid_easy: draw_sudoku_grid_easy(android.content.Context)
sudokugame.example.sudoku.home_page: home_page()
sudokugame.example.sudoku.graphical_user_interface.draw_sudoku_grid_hard: draw_sudoku_grid_hard(android.content.Context,android.util.AttributeSet,int)
sudokugame.example.sudoku.graphical_user_interface.draw_sudoku_grid_medium: draw_sudoku_grid_medium(android.content.Context,android.util.AttributeSet)
sudokugame.example.sudoku.graphical_user_interface.draw_sudoku_grid_easy: draw_sudoku_grid_easy(sudokugame.example.sudoku.sudoku_play_easy)
sudokugame.example.sudoku.graphical_user_interface.draw_sudoku_grid_hard: void set_flag_for_share(java.lang.String)
sudokugame.example.sudoku.graphical_user_interface.submit_pop_window_true_hard: java.lang.String get_share_data()
sudokugame.example.sudoku.graphical_user_interface.draw_sudoku_grid_hard
sudokugame.example.sudoku.sudoku_play_easy: sudoku_play_easy()
sudokugame.example.sudoku.sudoku_play_easy
sudokugame.example.sudoku.graphical_user_interface.draw_sudoku_grid_medium: draw_sudoku_grid_medium(android.content.Context)
sudokugame.example.sudoku.graphical_user_interface.record_view: record_view(android.content.Context,android.util.AttributeSet,int)
sudokugame.example.sudoku.graphical_user_interface.settings_sudoku_lists: settings_sudoku_lists(sudokugame.example.sudoku.sudoku_play_easy)
sudokugame.example.sudoku.graphical_user_interface.record_view: record_view(android.content.Context)
sudokugame.example.sudoku.sudoku_play_hard: sudoku_play_hard()
sudokugame.example.sudoku.graphical_user_interface.record_view: record_view(android.content.Context,android.util.AttributeSet)
sudokugame.example.sudoku.teaching_sudoku
sudokugame.example.sudoku.graphical_user_interface.submit_pop_window_true_medium: java.lang.String get_share_data()
sudokugame.example.sudoku.graphical_user_interface.draw_sudoku_grid_medium
sudokugame.example.sudoku.select_level
...
androidx.versionedparcelable.ParcelImpl
androidx.appcompat.R$styleable: int ActionBar_progressBarStyle
androidx.appcompat.R$dimen: int abc_dialog_fixed_width_minor
androidx.constraintlayout.widget.R$id: int top
androidx.core.R$id: int accessibility_custom_action_25
androidx.appcompat.widget.AppCompatSpinner: void setDropDownVerticalOffset(int)
androidx.appcompat.R$styleable: int AppCompatTheme_toolbarStyle
androidx.appcompat.R$styleable: int[] GradientColorItem
androidx.constraintlayout.widget.ConstraintLayout: int getMaxHeight()
androidx.constraintlayout.widget.R$styleable: int ConstraintLayout_Layout_layout_constraintHeight_max
androidx.appcompat.widget.Toolbar: java.lang.CharSequence getNavigationContentDescription()
androidx.appcompat.R$attr: int commitIcon
androidx.appcompat.R$id: int list_item
androidx.appcompat.R$style: int Widget_AppCompat_Light_ActionBar_TabBar_Inverse
androidx.appcompat.R$styleable: int AppCompatTheme_actionModePopupWindowStyle
androidx.appcompat.R$style: int Base_TextAppearance_AppCompat_Widget_ActionBar_Title
androidx.constraintlayout.widget.Group: Group(android.content.Context,android.util.AttributeSet)
androidx.appcompat.widget.AppCompatTextView
androidx.core.R$id: int action_divider
androidx.appcompat.R$style: int Widget_AppCompat_Spinner_DropDown
androidx.appcompat.R$style: int Base_TextAppearance_AppCompat_Display1
androidx.appcompat.R$style: int Base_Widget_AppCompat_Light_ActionBar_TabBar
androidx.appcompat.widget.ContentFrameLayout: android.util.TypedValue getFixedWidthMajor()
androidx.appcompat.widget.AppCompatSpinner
androidx.appcompat.widget.FitWindowsFrameLayout: FitWindowsFrameLayout(android.content.Context,android.util.AttributeSet)
androidx.appcompat.R$id: int decor_content_parent
androidx.appcompat.R$string: int abc_prepend_shortcut_label
androidx.appcompat.R$drawable: int abc_ic_menu_share_mtrl_alpha
androidx.constraintlayout.solver.widgets.ConstraintAnchor$ConnectionType: androidx.constraintlayout.solver.widgets.ConstraintAnchor$ConnectionType[] values()
androidx.appcompat.R$style: int TextAppearance_AppCompat_Widget_ActionMode_Title
androidx.appcompat.R$drawable: int abc_scrubber_control_off_mtrl_alpha
androidx.appcompat.R$attr: int ratingBarStyleSmall
androidx.appcompat.R$style: int Base_Theme_AppCompat_Light
androidx.appcompat.R$style: int Widget_AppCompat_DropDownItem_Spinner
android.support.v4.app.RemoteActionCompatParcelizer: androidx.core.app.RemoteActionCompat read(androidx.versionedparcelable.VersionedParcel)
androidx.appcompat.R$styleable: int AppCompatTextView_autoSizePresetSizes
androidx.constraintlayout.widget.R$styleable: int ConstraintSet_layout_constraintRight_toRightOf
androidx.appcompat.widget.AlertDialogLayout: AlertDialogLayout(android.content.Context,android.util.AttributeSet)
androidx.appcompat.R$dimen: int abc_select_dialog_padding_start_material
androidx.appcompat.R$style: int Base_Widget_AppCompat_ActionBar_TabView
androidx.appcompat.widget.SwitchCompat: int getSwitchMinWidth()
androidx.appcompat.widget.Toolbar: android.widget.TextView getTitleTextView()
androidx.core.app.CoreComponentFactory: CoreComponentFactory()
androidx.constraintlayout.widget.R$styleable: int ConstraintSet_layout_editor_absoluteY
androidx.appcompat.R$color: int tooltip_background_light
androidx.appcompat.R$style: int Base_Widget_AppCompat_ActionBar_TabText
androidx.viewpager.widget.PagerTabStrip: int getTabIndicatorColor()
androidx.appcompat.R$attr: int dropdownListPreferredItemHeight
androidx.appcompat.R$styleable: int GradientColor_android_centerY
androidx.core.R$styleable: int GradientColor_android_startX
androidx.core.R$styleable: int ColorStateListItem_android_alpha
androidx.appcompat.widget.SwitchCompat: int getThumbOffset()
androidx.appcompat.R$attr: int panelMenuListWidth
androidx.appcompat.R$attr: int backgroundStacked
androidx.appcompat.widget.Toolbar: int getContentInsetRight()
androidx.appcompat.R$style: int Base_Widget_AppCompat_Spinner