app/mapping.txt
# compiler: R8
# compiler_version: 1.6.82
# min_api: 15
# pg_map_id: 41d1797
# common_typos_disable
sudokugame.example.sudoku.control_sudoku.sudoku_data -> b.a.a.a.a:
sudokugame.example.sudoku.control_sudoku.three_levels -> b.a.a.a.b:
    int[][] half_sudoku -> c
    int[][] all_sudoku -> a
    int[] ini_array -> b
    int[][] half_grid -> g
    int[][] half_col -> f
    int[][] half_row -> e
    int[][] check_or_not -> d
    void change_place(int,int) -> a
    boolean do_generate(int[][],int[][],int[][]) -> a
    void do_get_puzzle() -> a
    int iteration(int[][],int[][],int[][],int[][]) -> a
    boolean check_only_one_solution(int,int) -> b
    void do_get_puzzle_hard() -> b
    void do_get_puzzle_medium() -> c
    int[][] get_all_puzzle() -> d
    int[][] get_half_puzzle() -> e
sudokugame.example.sudoku.graphical_user_interface.draw_sudoku_grid_easy -> sudokugame.example.sudoku.graphical_user_interface.draw_sudoku_grid_easy:
    int check_finished -> O
    int digit_y -> l
    java.lang.String flag_for_share -> I
    float digits_y -> g
    android.graphics.Paint draw_new_digits -> U
    java.lang.String flag_for_save_half_static -> A0
    int flag_for_replay -> G
    android.graphics.Paint draw_digits_circle -> Q
    int each_grid -> d
    float internal_gap -> B
    int[][] all_data_puzzle -> x
    int flag_for_first_board_or_first_keypad -> P
    int keypad_number -> q
    int mark_x -> L
    float digits_size -> h
    android.graphics.Paint draw_small_line -> V
    int flag_for_last_step -> H
    android.graphics.Paint draw_digits -> R
    android.graphics.Paint draw_digits_of_board -> a0
    int each_space -> e
    android.graphics.Bitmap b_mark -> j0
    int[][] temp_data_puzzle -> w
    int board_event_y -> p0
    android.graphics.Paint draw_new_background -> e0
    android.graphics.Bitmap b_replay -> h0
    java.lang.String flag_for_share_static -> y0
    java.lang.String temp_string -> u
    int curr_stream_number -> n0
    android.graphics.Paint draw_new_digits_of_board -> c0
    int board_event_xx -> t0
    int first_event_x -> r0
    int move_length_max -> v0
    long first_time -> w0
    int selected_number_of_puzzle -> r
    int[] now_select_puzzle -> m
    int flag_for_keyboard_puzzle -> n
    float mark_digit_size -> i
sudokugame.example.sudoku.graphical_user_interface.draw_sudoku_grid_hard -> sudokugame.example.sudoku.graphical_user_interface.draw_sudoku_grid_hard:
    int check_finished -> O
    int digit_y -> l
    java.lang.String flag_for_share -> I
    float digits_y -> g
    android.graphics.Paint draw_new_digits -> U
    java.lang.String flag_for_save_half_static -> A0
    int flag_for_replay -> G
    android.graphics.Paint draw_digits_circle -> Q
    int each_grid -> d
    float internal_gap -> B
    int[][] all_data_puzzle -> x
    int flag_for_first_board_or_first_keypad -> P
    int keypad_number -> q
    int mark_x -> L
    float digits_size -> h
    android.graphics.Paint draw_small_line -> V
    int flag_for_last_step -> H
    android.graphics.Paint draw_digits -> R
    android.graphics.Paint draw_digits_of_board -> a0
    int each_space -> e
    android.graphics.Bitmap b_mark -> j0
    int[][] temp_data_puzzle -> w
    int board_event_y -> p0
    android.graphics.Paint draw_new_background -> e0
    android.graphics.Bitmap b_replay -> h0
    java.lang.String flag_for_share_static -> y0
    java.lang.String temp_string -> u
    int curr_stream_number -> n0
    android.graphics.Paint draw_new_digits_of_board -> c0
    int board_event_xx -> t0
    int first_event_x -> r0
    int move_length_max -> v0
    long first_time -> w0
    int selected_number_of_puzzle -> r
    int[] now_select_puzzle -> m
    int flag_for_keyboard_puzzle -> n
    float mark_digit_size -> i
...
androidx.appcompat.widget.SearchView$SavedState$1 -> androidx.appcompat.widget.SearchView$SavedState$a:
androidx.appcompat.widget.SearchView$SearchAutoComplete -> androidx.appcompat.widget.SearchView$SearchAutoComplete:
    java.lang.Runnable mRunShowSoftInputIfNecessary -> h
    boolean mHasPendingShowSoftInputRequest -> g
    int mThreshold -> e
    androidx.appcompat.widget.SearchView mSearchView -> f
    boolean isEmpty() -> a
    void showSoftInputIfNecessary() -> b
androidx.appcompat.widget.SearchView$SearchAutoComplete$1 -> androidx.appcompat.widget.SearchView$SearchAutoComplete$a:
    androidx.appcompat.widget.SearchView$SearchAutoComplete this$0 -> b
androidx.appcompat.widget.SearchView$UpdatableTouchDelegate -> androidx.appcompat.widget.SearchView$o:
    android.view.View mDelegateView -> a
    boolean mDelegateTargeted -> f
    int mSlop -> e
    android.graphics.Rect mActualBounds -> c
    android.graphics.Rect mSlopBounds -> d
    android.graphics.Rect mTargetBounds -> b
    void setBounds(android.graphics.Rect,android.graphics.Rect) -> a
androidx.appcompat.widget.SuggestionsAdapter -> a.b.q.z:
    android.content.res.ColorStateList mUrlColor -> t
    boolean mClosed -> r
    java.util.WeakHashMap mOutsideDrawablesCache -> p
    int mFlagsCol -> z
    androidx.appcompat.widget.SearchView mSearchView -> m
    android.content.Context mProviderContext -> o
    int mIconName1Col -> x
    int mIconName2Col -> y
    android.app.SearchableInfo mSearchable -> n
    int mText2Col -> v
    int mText2UrlCol -> w
    int mText1Col -> u
    int mQueryRefinement -> s
    int mCommitIconResId -> q
    void bindView(android.view.View,android.content.Context,android.database.Cursor) -> a
    android.graphics.drawable.Drawable checkIconCache(java.lang.String) -> a
    java.lang.CharSequence convertToString(android.database.Cursor) -> a
    android.graphics.drawable.Drawable getActivityIcon(android.content.ComponentName) -> a
    java.lang.String getColumnString(android.database.Cursor,java.lang.String) -> a
    android.graphics.drawable.Drawable getDrawable(android.net.Uri) -> a
    android.database.Cursor getSearchManagerSuggestions(android.app.SearchableInfo,java.lang.String,int) -> a
    java.lang.String getStringOrNull(android.database.Cursor,int) -> a
    android.database.Cursor runQueryOnBackgroundThread(java.lang.CharSequence) -> a
    void setQueryRefinement(int) -> a
    void setViewDrawable(android.widget.ImageView,android.graphics.drawable.Drawable,int) -> a
androidx.appcompat.widget.SuggestionsAdapter$ChildViewCache -> a.b.q.z$a:
    android.widget.TextView mText1 -> a
    android.widget.TextView mText2 -> b
    android.widget.ImageView mIcon2 -> d
    android.widget.ImageView mIconRefine -> e
    android.widget.ImageView mIcon1 -> c