app/unused.txt
com.example.sudoku.R$attr
com.example.sudoku.R$mipmap
com.example.sudoku.R$interpolator
sudokugame.example.sudoku.home_page:
    private sudokugame.example.sudoku.control_sudoku.sudoku_data easy_database
com.example.sudoku.R$raw
sudokugame.example.sudoku.sudoku_play_hard:
    private sudokugame.example.sudoku.control_sudoku.sudoku_data easy_database
com.example.sudoku.R$id
sudokugame.example.sudoku.sudoku_play_easy:
    private sudokugame.example.sudoku.control_sudoku.sudoku_data easy_database
sudokugame.example.sudoku.sudoku_play_medium:
    private sudokugame.example.sudoku.control_sudoku.sudoku_data easy_database
com.example.sudoku.R$style
sudokugame.example.sudoku.teaching_sudoku:
    private sudokugame.example.sudoku.control_sudoku.sudoku_data easy_database
sudokugame.example.sudoku.control_sudoku.three_levels:
    public static int[][] get_puzzle()
com.example.sudoku.R$string
com.example.sudoku.R$color
sudokugame.example.sudoku.graphical_user_interface.record_view:
    android.graphics.Bitmap b_rookie20
com.example.sudoku.R
com.example.sudoku.R$layout
sudokugame.example.sudoku.record_of_sudoku:
    private sudokugame.example.sudoku.control_sudoku.sudoku_data easy_database
com.example.sudoku.R$dimen
com.example.sudoku.R$drawable
com.example.sudoku.R$styleable
com.example.sudoku.BuildConfig
com.example.sudoku.R$bool
com.example.sudoku.R$anim
com.example.sudoku.R$integer
sudokugame.example.sudoku.graphical_user_interface.settings_sudoku_lists:
    public int screen_height
    public sudokugame.example.sudoku.control_sudoku.sudoku_data easy_database
sudokugame.example.sudoku.graphical_user_interface.submit_pop_window_true_medium:
    public int draw_sudoku_grid_height
    public android.graphics.Paint draw_big_line
sudokugame.example.sudoku.graphical_user_interface.draw_sudoku_grid_medium:
    public int now_select_keyboard
    public java.lang.String time
    public int flag_for_set_temp_value
    public int flag_for_first_boot
    public sudokugame.example.sudoku.control_sudoku.three_levels sd
    public static int flag_for_first_boot_static
sudokugame.example.sudoku.graphical_user_interface.draw_sudoku_grid_hard:
    public int now_select_keyboard
    public java.lang.String time
    public int flag_for_set_temp_value
    public int flag_for_first_boot
    public sudokugame.example.sudoku.control_sudoku.three_levels sd
    public static int flag_for_first_boot_static
sudokugame.example.sudoku.graphical_user_interface.pause_pop_window:
    public long time_already_use
sudokugame.example.sudoku.graphical_user_interface.submit_pop_window_true_hard:
    public int draw_sudoku_grid_height
    public android.graphics.Paint draw_big_line
sudokugame.example.sudoku.graphical_user_interface.record_view:
    public java.lang.String date_easy
    public java.lang.String half_easy
    public java.lang.String date_medium
    public java.lang.String half_medium
    public java.lang.String date_hard
    public java.lang.String half_hard
sudokugame.example.sudoku.home_page$5$1:
    public final synthetic sudokugame.example.sudoku.home_page$5 this$1
sudokugame.example.sudoku.graphical_user_interface.submit_pop_window_true_easy:
    public int draw_sudoku_grid_height
    public android.graphics.Paint draw_big_line
sudokugame.example.sudoku.graphical_user_interface.draw_sudoku_grid_easy:
    public int now_select_keyboard
    public java.lang.String time
    public int flag_for_set_temp_value
    public int flag_for_first_boot
    public sudokugame.example.sudoku.control_sudoku.three_levels sd
    public int music_puzzle_mode
    public static int flag_for_first_boot_static
...
androidx.loader.R$drawable
org.intellij.lang.annotations.JdkConstants$FlowLayoutAlignment
androidx.core.view.MenuItemCompat$1
androidx.constraintlayout.solver.widgets.ConstraintWidget:
    public void <init>(int,int,int,int)
    public void <init>(int,int)
    public int getMaxHeight()
    public int getMaxWidth()
    public boolean isRoot()
    public boolean isRootContainer()
    public boolean isInsideConstraintLayout()
    public boolean hasAncestor(androidx.constraintlayout.solver.widgets.ConstraintWidget)
    public androidx.constraintlayout.solver.widgets.WidgetContainer getRootWidgetContainer()
    public boolean isWidthWrapContent()
    public boolean isHeightWrapContent()
    public java.lang.String getType()
    public void setType(java.lang.String)
    public void setDebugSolverName(androidx.constraintlayout.solver.LinearSystem,java.lang.String)
    int getInternalDrawX()
    int getInternalDrawY()
    public int getInternalDrawRight()
    public int getInternalDrawBottom()
    public int getOptimizerWrapWidth()
    public int getOptimizerWrapHeight()
    public int getDrawWidth()
    public int getDrawHeight()
    public int getDrawBottom()
    public int getDrawRight()
    public int getMinWidth()
    public int getMinHeight()
    public int getLeft()
    public int getTop()
    public float getHorizontalBiasPercent()
    public float getVerticalBiasPercent()
    public void setGoneMargin(androidx.constraintlayout.solver.widgets.ConstraintAnchor$Type,int)
    public void forceUpdateDrawPosition()
    public void setDrawOrigin(int,int)
    public void setDrawX(int)
androidx.loader.R$id
androidx.core.view.ViewPropertyAnimatorCompat:
    public androidx.core.view.ViewPropertyAnimatorCompat alphaBy(float)
    public androidx.core.view.ViewPropertyAnimatorCompat translationX(float)
    public androidx.core.view.ViewPropertyAnimatorCompat withEndAction(java.lang.Runnable)
    public android.view.animation.Interpolator getInterpolator()
    public long getStartDelay()
    public androidx.core.view.ViewPropertyAnimatorCompat rotation(float)
    public androidx.core.view.ViewPropertyAnimatorCompat rotationBy(float)
    public androidx.core.view.ViewPropertyAnimatorCompat rotationX(float)
    public androidx.core.view.ViewPropertyAnimatorCompat rotationXBy(float)
    public androidx.core.view.ViewPropertyAnimatorCompat rotationY(float)
    public androidx.core.view.ViewPropertyAnimatorCompat rotationYBy(float)
    public androidx.core.view.ViewPropertyAnimatorCompat scaleX(float)
    public androidx.core.view.ViewPropertyAnimatorCompat scaleXBy(float)
    public androidx.core.view.ViewPropertyAnimatorCompat scaleY(float)
    public androidx.core.view.ViewPropertyAnimatorCompat scaleYBy(float)
    public androidx.core.view.ViewPropertyAnimatorCompat x(float)
    public androidx.core.view.ViewPropertyAnimatorCompat xBy(float)
    public androidx.core.view.ViewPropertyAnimatorCompat y(float)
    public androidx.core.view.ViewPropertyAnimatorCompat yBy(float)
    public androidx.core.view.ViewPropertyAnimatorCompat translationXBy(float)
androidx.core.content.res.ComplexColorCompat:
    private static final java.lang.String LOG_TAG
androidx.fragment.R$attr
androidx.fragment.app.FragmentTabHost:
    public void <init>(android.content.Context)
    private void ensureHierarchy(android.content.Context)
    private void ensureContent()
    public void setup(android.content.Context,androidx.fragment.app.FragmentManager)
    public void setup(android.content.Context,androidx.fragment.app.FragmentManager,int)
    public void addTab(android.widget.TabHost$TabSpec,java.lang.Class,android.os.Bundle)
    private android.widget.FrameLayout mRealTabContent